This file contains any messages produced by compilers while
running configure, to aid debugging if configure makes a mistake.

It was created by heptagon configure 1.0, which was
generated by GNU Autoconf 2.69.  Invocation command line was

  $ ./configure 

## --------- ##
## Platform. ##
## --------- ##

hostname = osboxes
uname -m = x86_64
uname -r = 4.13.0-39-generic
uname -s = Linux
uname -v = #44~16.04.1-Ubuntu SMP Thu Apr 5 16:43:10 UTC 2018

/usr/bin/uname -p = unknown
/bin/uname -X     = unknown

/bin/arch              = unknown
/usr/bin/arch -k       = unknown
/usr/convex/getsysinfo = unknown
/usr/bin/hostinfo      = unknown
/bin/machine           = unknown
/usr/bin/oslevel       = unknown
/bin/universe          = unknown

PATH: /home/osboxes/.opam/system/bin
PATH: /home/osboxes/bin
PATH: /home/osboxes/.local/bin
PATH: /usr/local/sbin
PATH: /usr/local/bin
PATH: /usr/sbin
PATH: /usr/bin
PATH: /sbin
PATH: /bin
PATH: /usr/games
PATH: /usr/local/games


## ----------- ##
## Core tests. ##
## ----------- ##

configure:1763: checking for a BSD-compatible install
configure:1831: result: /usr/bin/install -c
configure:1843: checking whether make sets $(MAKE)
configure:1865: result: yes
configure:1959: checking for ocamlc
configure:1975: found /usr/bin/ocamlc
configure:1986: result: ocamlc
configure:2011: result: OCaml version is 4.02.3
configure:2020: result: OCaml library path is /usr/lib/ocaml
configure:2070: checking for ocamlopt
configure:2086: found /usr/bin/ocamlopt
configure:2097: result: ocamlopt
configure:2180: checking for ocamlc.opt
configure:2196: found /usr/bin/ocamlc.opt
configure:2207: result: ocamlc.opt
configure:2284: checking for ocamlopt.opt
configure:2300: found /usr/bin/ocamlopt.opt
configure:2311: result: ocamlopt.opt
configure:2393: checking for ocaml
configure:2409: found /home/osboxes/.opam/system/bin/ocaml
configure:2420: result: ocaml
configure:2487: checking for ocamldep
configure:2503: found /usr/bin/ocamldep
configure:2514: result: ocamldep
configure:2581: checking for ocamlmktop
configure:2597: found /usr/bin/ocamlmktop
configure:2608: result: ocamlmktop
configure:2675: checking for ocamlmklib
configure:2691: found /usr/bin/ocamlmklib
configure:2702: result: ocamlmklib
configure:2769: checking for ocamldoc
configure:2785: found /usr/bin/ocamldoc
configure:2796: result: ocamldoc
configure:2863: checking for ocamlbuild
configure:2879: found /usr/bin/ocamlbuild
configure:2890: result: ocamlbuild
configure:2967: checking for camlp4
configure:2983: found /usr/bin/camlp4
configure:2994: result: camlp4
configure:3070: checking for camlp4boot
configure:3086: found /usr/bin/camlp4boot
configure:3097: result: camlp4boot
configure:3162: checking for camlp4o
configure:3178: found /usr/bin/camlp4o
configure:3189: result: camlp4o
configure:3254: checking for camlp4of
configure:3270: found /usr/bin/camlp4of
configure:3281: result: camlp4of
configure:3346: checking for camlp4oof
configure:3362: found /usr/bin/camlp4oof
configure:3373: result: camlp4oof
configure:3438: checking for camlp4orf
configure:3454: found /usr/bin/camlp4orf
configure:3465: result: camlp4orf
configure:3530: checking for camlp4prof
configure:3546: found /usr/bin/camlp4prof
configure:3557: result: camlp4prof
configure:3622: checking for camlp4r
configure:3638: found /usr/bin/camlp4r
configure:3649: result: camlp4r
configure:3714: checking for camlp4rf
configure:3730: found /usr/bin/camlp4rf
configure:3741: result: camlp4rf
configure:3821: checking for ocamlfind
configure:3837: found /home/osboxes/.opam/system/bin/ocamlfind
configure:3848: result: ocamlfind
configure:3884: checking for menhir
configure:3900: found /home/osboxes/.opam/system/bin/menhir
configure:3912: result: menhir
configure:3925: checking for OCaml findlib package menhirLib
configure:3933: result: found
configure:3953: checking for OCaml findlib package ocamlgraph
configure:3961: result: found
configure:3981: checking for OCaml findlib package lablgtk2
configure:3997: result: not found
configure:4006: WARNING: Could not find 'lablgtk2'. The simulator will not be built
configure:4011: checking for OCaml findlib package reatk.ctrlNbac
configure:4027: result: not found
configure:4038: WARNING: Controllable-Nbac backend and translators disabled.
configure:4215: creating ./config.status

## ---------------------- ##
## Running config.status. ##
## ---------------------- ##

This file was extended by heptagon config.status 1.0, which was
generated by GNU Autoconf 2.69.  Invocation command line was

  CONFIG_FILES    = 
  CONFIG_HEADERS  = 
  CONFIG_LINKS    = 
  CONFIG_COMMANDS = 
  $ ./config.status 

on osboxes

config.status:753: creating config
configure:5381: creating ./config.status

## ---------------------- ##
## Running config.status. ##
## ---------------------- ##

This file was extended by heptagon config.status 1.0, which was
generated by GNU Autoconf 2.69.  Invocation command line was

  CONFIG_FILES    = 
  CONFIG_HEADERS  = 
  CONFIG_LINKS    = 
  CONFIG_COMMANDS = 
  $ ./config.status 

on osboxes

config.status:754: creating config
config.status:754: creating compiler/_tags

## ---------------- ##
## Cache variables. ##
## ---------------- ##

ac_cv_env_build_alias_set=
ac_cv_env_build_alias_value=
ac_cv_env_host_alias_set=
ac_cv_env_host_alias_value=
ac_cv_env_target_alias_set=
ac_cv_env_target_alias_value=
ac_cv_path_install='/usr/bin/install -c'
ac_cv_prog_MENHIR=menhir
ac_cv_prog_ac_ct_CAMLP4=camlp4
ac_cv_prog_ac_ct_CAMLP4BOOT=camlp4boot
ac_cv_prog_ac_ct_CAMLP4O=camlp4o
ac_cv_prog_ac_ct_CAMLP4OF=camlp4of
ac_cv_prog_ac_ct_CAMLP4OOF=camlp4oof
ac_cv_prog_ac_ct_CAMLP4ORF=camlp4orf
ac_cv_prog_ac_ct_CAMLP4PROF=camlp4prof
ac_cv_prog_ac_ct_CAMLP4R=camlp4r
ac_cv_prog_ac_ct_CAMLP4RF=camlp4rf
ac_cv_prog_ac_ct_OCAML=ocaml
ac_cv_prog_ac_ct_OCAMLBUILD=ocamlbuild
ac_cv_prog_ac_ct_OCAMLC=ocamlc
ac_cv_prog_ac_ct_OCAMLCDOTOPT=ocamlc.opt
ac_cv_prog_ac_ct_OCAMLDEP=ocamldep
ac_cv_prog_ac_ct_OCAMLDOC=ocamldoc
ac_cv_prog_ac_ct_OCAMLFIND=ocamlfind
ac_cv_prog_ac_ct_OCAMLMKLIB=ocamlmklib
ac_cv_prog_ac_ct_OCAMLMKTOP=ocamlmktop
ac_cv_prog_ac_ct_OCAMLOPT=ocamlopt
ac_cv_prog_ac_ct_OCAMLOPTDOTOPT=ocamlopt.opt
ac_cv_prog_make_make_set=yes

## ----------------- ##
## Output variables. ##
## ----------------- ##

CAMLP4='camlp4'
CAMLP4BOOT='camlp4boot'
CAMLP4O='camlp4o'
CAMLP4OF='camlp4of'
CAMLP4OOF='camlp4oof'
CAMLP4ORF='camlp4orf'
CAMLP4PROF='camlp4prof'
CAMLP4R='camlp4r'
CAMLP4RF='camlp4rf'
DEFS='-DPACKAGE_NAME=\"heptagon\" -DPACKAGE_TARNAME=\"heptagon\" -DPACKAGE_VERSION=\"1.0\" -DPACKAGE_STRING=\"heptagon\ 1.0\" -DPACKAGE_BUGREPORT=\"\" -DPACKAGE_URL=\"\"'
ECHO_C=''
ECHO_N='-n'
ECHO_T=''
INSTALL='/usr/bin/install -c'
INSTALL_DATA='${INSTALL} -m 644'
INSTALL_PROGRAM='${INSTALL}'
INSTALL_SCRIPT='${INSTALL}'
LIBOBJS=''
LIBS=''
LTLIBOBJS=''
MENHIR='menhir'
OCAML='ocaml'
OCAMLBEST='opt'
OCAMLBUILD='ocamlbuild'
OCAMLC='ocamlc.opt'
OCAMLCDOTOPT='ocamlc.opt'
OCAMLDEP='ocamldep'
OCAMLDOC='ocamldoc'
OCAMLFIND='ocamlfind'
OCAMLLIB='/usr/lib/ocaml'
OCAMLMKLIB='ocamlmklib'
OCAMLMKTOP='ocamlmktop'
OCAMLOPT='ocamlopt.opt'
OCAMLOPTDOTOPT='ocamlopt.opt'
OCAMLVERSION='4.02.3'
OCAML_PKG_lablgtk2='no'
OCAML_PKG_menhirLib='menhirLib'
OCAML_PKG_ocamlgraph='ocamlgraph'
OCAML_PKG_reatk_ctrlNbac='no'
PACKAGE_BUGREPORT=''
PACKAGE_NAME='heptagon'
PACKAGE_STRING='heptagon 1.0'
PACKAGE_TARNAME='heptagon'
PACKAGE_URL=''
PACKAGE_VERSION='1.0'
PATH_SEPARATOR=':'
RM=''
SET_MAKE=''
SHELL='/bin/bash'
bindir='${exec_prefix}/bin'
build_alias=''
ctrln_pp='-UENABLE_CTRLN'
datadir='${datarootdir}'
datarootdir='${prefix}/share'
docdir='${datarootdir}/doc/${PACKAGE_TARNAME}'
dvidir='${docdir}'
enable_ctrl2ept='no'
enable_simulator='no'
exec_prefix='${prefix}'
host_alias=''
htmldir='${docdir}'
includedir='${prefix}/include'
infodir='${datarootdir}/info'
libdir='${exec_prefix}/lib'
libexecdir='${exec_prefix}/libexec'
localedir='${datarootdir}/locale'
localstatedir='${prefix}/var'
mandir='${datarootdir}/man'
oldincludedir='/usr/include'
package_reatk_ctrlNbac='ocaml'
pdfdir='${docdir}'
prefix='/usr/local'
program_transform_name='s,x,x,'
psdir='${docdir}'
sbindir='${exec_prefix}/sbin'
sharedstatedir='${prefix}/com'
stdlib_dir='${exec_prefix}/lib/heptagon'
sysconfdir='${prefix}/etc'
target_alias=''
targets='byte'

## ----------- ##
## confdefs.h. ##
## ----------- ##

/* confdefs.h */
#define PACKAGE_NAME "heptagon"
#define PACKAGE_TARNAME "heptagon"
#define PACKAGE_VERSION "1.0"
#define PACKAGE_STRING "heptagon 1.0"
#define PACKAGE_BUGREPORT ""
#define PACKAGE_URL ""

configure: exit 0
